<?xml version="1.0" encoding="UTF-8"?>
<!-- Generated by org.testng.reporters.JUnitXMLReporter -->
<testsuite ignored="0" hostname="HP" failures="0" tests="9" name="Default test" time="316.351" errors="0" timestamp="2022-10-12T13:27:01 IST">
  <testcase classname="com.testing.Homepage" name="homePageTest" time="24.332"/>
  <testcase classname="com.testing.ImageLoadScreenHeight" name="ImageLoadScreenHeightTest" time="12.56"/>
  <testcase classname="com.testing.SearchProduct" name="searchProductTest" time="26.695"/>
  <testcase classname="com.testing.Verifyimageload" name="ImageLoadTest" time="28.31"/>
  <testcase classname="com.testing.checkingScrollbar" name="scrollBarTest" time="35.038"/>
  <testcase classname="com.testing.Loadtime" name="loadTimeTest" time="26.549"/>
  <testcase classname="com.testing.navigatebottom" name="NavigateBottonTest" time="18.794"/>
  <testcase classname="com.testing.DiffScreenResolution" name="DiffScreenResolutionTest" time="58.402"/>
  <testcase classname="com.testing.PageRefresh" name="PageRefreshTest" time="28.158"/>
</testsuite> <!-- Default test -->
