<?xml version="1.0" encoding="UTF-8"?>
<!-- Generated by org.testng.reporters.JUnitXMLReporter -->
<testsuite ignored="0" hostname="HP" failures="0" tests="4" name="Test" time="42.145" errors="0" timestamp="2022-10-04T11:27:37 IST">
  <testcase classname="com.testing.demo.testingNGProject.register" name="registerTest" time="7.257"/>
  <testcase classname="com.testing.demo.testingNGProject.login" name="loginTest" time="5.157"/>
  <testcase classname="com.testing.demo.testingNGProject.search" name="searchTest" time="4.373"/>
  <testcase classname="com.testing.demo.testingNGProject.addToCart" name="addToCartTest" time="5.487"/>
</testsuite> <!-- Test -->
