<?xml version="1.0" encoding="UTF-8"?>
<testng-results ignored="0" total="1" passed="1" failed="0" skipped="0">
  <reporter-output>
  </reporter-output>
  <suite started-at="2022-10-04T13:30:33 IST" name="Default suite" finished-at="2022-10-04T13:30:45 IST" duration-ms="12193">
    <groups>
    </groups>
    <test started-at="2022-10-04T13:30:33 IST" name="Default test" finished-at="2022-10-04T13:30:45 IST" duration-ms="12193">
      <class name="com.testing.demo.testingNGProject.addToCart">
        <test-method is-config="true" signature="beforeMethod()[pri:0, instance:com.testing.demo.testingNGProject.addToCart@31e5415e]" started-at="2022-10-04T13:30:33 IST" name="beforeMethod" finished-at="2022-10-04T13:30:36 IST" duration-ms="2907" status="PASS">
          <reporter-output>
          </reporter-output>
        </test-method> <!-- beforeMethod -->
        <test-method signature="addToCartTest()[pri:0, instance:com.testing.demo.testingNGProject.addToCart@31e5415e]" started-at="2022-10-04T13:30:36 IST" name="addToCartTest" finished-at="2022-10-04T13:30:42 IST" duration-ms="6227" status="PASS">
          <reporter-output>
          </reporter-output>
        </test-method> <!-- addToCartTest -->
        <test-method is-config="true" signature="afterMethod()[pri:0, instance:com.testing.demo.testingNGProject.addToCart@31e5415e]" started-at="2022-10-04T13:30:42 IST" name="afterMethod" finished-at="2022-10-04T13:30:45 IST" duration-ms="3007" status="PASS">
          <reporter-output>
          </reporter-output>
        </test-method> <!-- afterMethod -->
      </class> <!-- com.testing.demo.testingNGProject.addToCart -->
    </test> <!-- Default test -->
  </suite> <!-- Default suite -->
</testng-results>
